# JRE version: Java(TM) SE Runtime Environment (7.0_80-b15) (build 1.7.0_80-b15)
# Java VM: Java HotSpot(TM) 64-Bit Server VM (24.80-b11 mixed mode bsd-amd64 compressed oops)
Heap
 PSYoungGen      total 76800K, used 2642K [0x00000007aaa80000, 0x00000007b0000000, 0x0000000800000000)
  eden space 66048K, 4% used [0x00000007aaa80000,0x00000007aad14888,0x00000007aeb00000)
  from space 10752K, 0% used [0x00000007aeb00000,0x00000007aeb00000,0x00000007af580000)
  to   space 10752K, 0% used [0x00000007af580000,0x00000007af580000,0x00000007b0000000)
 ParOldGen       total 174592K, used 1284K [0x0000000700000000, 0x000000070aa80000, 0x00000007aaa80000)
  object space 174592K, 0% used [0x0000000700000000,0x00000007001412e0,0x000000070aa80000)
 PSPermGen       total 21504K, used 6746K [0x00000006fae00000, 0x00000006fc300000, 0x0000000700000000)
  object space 21504K, 31% used [0x00000006fae00000,0x00000006fb496848,0x00000006fc300000)
GC Heap History (10 events):
Event: 0.392 GC heap before
{Heap before GC invocations=2 (full 1):
 PSYoungGen      total 76800K, used 2327K [0x00000007aaa80000, 0x00000007b0000000, 0x0000000800000000)
  eden space 66048K, 0% used [0x00000007aaa80000,0x00000007aaa80000,0x00000007aeb00000)
  from space 10752K, 21% used [0x00000007aeb00000,0x00000007aed45c10,0x00000007af580000)
  to   space 10752K, 0% used [0x00000007af580000,0x00000007af580000,0x00000007b0000000)
 ParOldGen       total 174592K, used 8K [0x0000000700000000, 0x000000070aa80000, 0x00000007aaa80000)
  object space 174592K, 0% used [0x0000000700000000,0x0000000700002000,0x000000070aa80000)
 PSPermGen       total 21504K, used 5852K [0x00000006fae00000, 0x00000006fc300000, 0x0000000700000000)
  object space 21504K, 27% used [0x00000006fae00000,0x00000006fb3b7270,0x00000006fc300000)
Event: 0.409 GC heap after
Heap after GC invocations=2 (full 1):
 PSYoungGen      total 76800K, used 0K [0x00000007aaa80000, 0x00000007b0000000, 0x0000000800000000)
  eden space 66048K, 0% used [0x00000007aaa80000,0x00000007aaa80000,0x00000007aeb00000)
  from space 10752K, 0% used [0x00000007aeb00000,0x00000007aeb00000,0x00000007af580000)
  to   space 10752K, 0% used [0x00000007af580000,0x00000007af580000,0x00000007b0000000)
 ParOldGen       total 174592K, used 2133K [0x0000000700000000, 0x000000070aa80000, 0x00000007aaa80000)
  object space 174592K, 1% used [0x0000000700000000,0x0000000700215678,0x000000070aa80000)
 PSPermGen       total 21504K, used 5851K [0x00000006fae00000, 0x00000006fc300000, 0x0000000700000000)
  object space 21504K, 27% used [0x00000006fae00000,0x00000006fb3b6c90,0x00000006fc300000)
}
Event: 0.490 GC heap before
{Heap before GC invocations=3 (full 1):
 PSYoungGen      total 76800K, used 3302K [0x00000007aaa80000, 0x00000007b0000000, 0x0000000800000000)
  eden space 66048K, 5% used [0x00000007aaa80000,0x00000007aadb9ab0,0x00000007aeb00000)
  from space 10752K, 0% used [0x00000007aeb00000,0x00000007aeb00000,0x00000007af580000)
  to   space 10752K, 0% used [0x00000007af580000,0x00000007af580000,0x00000007b0000000)
 ParOldGen       total 174592K, used 2133K [0x0000000700000000, 0x000000070aa80000, 0x00000007aaa80000)
  object space 174592K, 1% used [0x0000000700000000,0x0000000700215678,0x000000070aa80000)
 PSPermGen       total 21504K, used 6249K [0x00000006fae00000, 0x00000006fc300000, 0x0000000700000000)
  object space 21504K, 29% used [0x00000006fae00000,0x00000006fb41a7d0,0x00000006fc300000)
Event: 0.491 GC heap after
Heap after GC invocations=3 (full 1):
 PSYoungGen      total 76800K, used 288K [0x00000007aaa80000, 0x00000007b0000000, 0x0000000800000000)
  eden space 66048K, 0% used [0x00000007aaa80000,0x00000007aaa80000,0x00000007aeb00000)
  from space 10752K, 2% used [0x00000007af580000,0x00000007af5c8000,0x00000007b0000000)
  to   space 10752K, 0% used [0x00000007aeb00000,0x00000007aeb00000,0x00000007af580000)
 ParOldGen       total 174592K, used 2133K [0x0000000700000000, 0x000000070aa80000, 0x00000007aaa80000)
  object space 174592K, 1% used [0x0000000700000000,0x0000000700215678,0x000000070aa80000)
 PSPermGen       total 21504K, used 6249K [0x00000006fae00000, 0x00000006fc300000, 0x0000000700000000)
  object space 21504K, 29% used [0x00000006fae00000,0x00000006fb41a7d0,0x00000006fc300000)
}
Event: 0.491 GC heap before
{Heap before GC invocations=4 (full 2):
 PSYoungGen      total 76800K, used 288K [0x00000007aaa80000, 0x00000007b0000000, 0x0000000800000000)
  eden space 66048K, 0% used [0x00000007aaa80000,0x00000007aaa80000,0x00000007aeb00000)
  from space 10752K, 2% used [0x00000007af580000,0x00000007af5c8000,0x00000007b0000000)
  to   space 10752K, 0% used [0x00000007aeb00000,0x00000007aeb00000,0x00000007af580000)
 ParOldGen       total 174592K, used 2133K [0x0000000700000000, 0x000000070aa80000, 0x00000007aaa80000)
  object space 174592K, 1% used [0x0000000700000000,0x0000000700215678,0x000000070aa80000)
 PSPermGen       total 21504K, used 6249K [0x00000006fae00000, 0x00000006fc300000, 0x0000000700000000)
  object space 21504K, 29% used [0x00000006fae00000,0x00000006fb41a7d0,0x00000006fc300000)
Event: 0.506 GC heap after
Heap after GC invocations=4 (full 2):
 PSYoungGen      total 76800K, used 0K [0x00000007aaa80000, 0x00000007b0000000, 0x0000000800000000)
  eden space 66048K, 0% used [0x00000007aaa80000,0x00000007aaa80000,0x00000007aeb00000)
  from space 10752K, 0% used [0x00000007af580000,0x00000007af580000,0x00000007b0000000)
  to   space 10752K, 0% used [0x00000007aeb00000,0x00000007aeb00000,0x00000007af580000)
 ParOldGen       total 174592K, used 1286K [0x0000000700000000, 0x000000070aa80000, 0x00000007aaa80000)
  object space 174592K, 0% used [0x0000000700000000,0x00000007001418c8,0x000000070aa80000)
 PSPermGen       total 21504K, used 6249K [0x00000006fae00000, 0x00000006fc300000, 0x0000000700000000)
  object space 21504K, 29% used [0x00000006fae00000,0x00000006fb41a788,0x00000006fc300000)
}
Event: 0.513 GC heap before
{Heap before GC invocations=5 (full 2):
 PSYoungGen      total 76800K, used 3302K [0x00000007aaa80000, 0x00000007b0000000, 0x0000000800000000)
  eden space 66048K, 5% used [0x00000007aaa80000,0x00000007aadb9ad8,0x00000007aeb00000)
  from space 10752K, 0% used [0x00000007af580000,0x00000007af580000,0x00000007b0000000)
  to   space 10752K, 0% used [0x00000007aeb00000,0x00000007aeb00000,0x00000007af580000)
 ParOldGen       total 174592K, used 1286K [0x0000000700000000, 0x000000070aa80000, 0x00000007aaa80000)
  object space 174592K, 0% used [0x0000000700000000,0x00000007001418c8,0x000000070aa80000)
 PSPermGen       total 21504K, used 6263K [0x00000006fae00000, 0x00000006fc300000, 0x0000000700000000)
  object space 21504K, 29% used [0x00000006fae00000,0x00000006fb41df00,0x00000006fc300000)
Event: 0.513 GC heap after
Heap after GC invocations=5 (full 2):
 PSYoungGen      total 76800K, used 96K [0x00000007aaa80000, 0x00000007b0000000, 0x0000000800000000)
  eden space 66048K, 0% used [0x00000007aaa80000,0x00000007aaa80000,0x00000007aeb00000)
  from space 10752K, 0% used [0x00000007aeb00000,0x00000007aeb18000,0x00000007af580000)
  to   space 10752K, 0% used [0x00000007af580000,0x00000007af580000,0x00000007b0000000)
 ParOldGen       total 174592K, used 1286K [0x0000000700000000, 0x000000070aa80000, 0x00000007aaa80000)
  object space 174592K, 0% used [0x0000000700000000,0x00000007001418c8,0x000000070aa80000)
 PSPermGen       total 21504K, used 6263K [0x00000006fae00000, 0x00000006fc300000, 0x0000000700000000)
  object space 21504K, 29% used [0x00000006fae00000,0x00000006fb41df00,0x00000006fc300000)
}
Event: 0.513 GC heap before
{Heap before GC invocations=6 (full 3):
 PSYoungGen      total 76800K, used 96K [0x00000007aaa80000, 0x00000007b0000000, 0x0000000800000000)
  eden space 66048K, 0% used [0x00000007aaa80000,0x00000007aaa80000,0x00000007aeb00000)
  from space 10752K, 0% used [0x00000007aeb00000,0x00000007aeb18000,0x00000007af580000)
  to   space 10752K, 0% used [0x00000007af580000,0x00000007af580000,0x00000007b0000000)
 ParOldGen       total 174592K, used 1286K [0x0000000700000000, 0x000000070aa80000, 0x00000007aaa80000)
  object space 174592K, 0% used [0x0000000700000000,0x00000007001418c8,0x000000070aa80000)
 PSPermGen       total 21504K, used 6263K [0x00000006fae00000, 0x00000006fc300000, 0x0000000700000000)
  object space 21504K, 29% used [0x00000006fae00000,0x00000006fb41df00,0x00000006fc300000)
Event: 0.525 GC heap after
Heap after GC invocations=6 (full 3):
 PSYoungGen      total 76800K, used 0K [0x00000007aaa80000, 0x00000007b0000000, 0x0000000800000000)
  eden space 66048K, 0% used [0x00000007aaa80000,0x00000007aaa80000,0x00000007aeb00000)
  from space 10752K, 0% used [0x00000007aeb00000,0x00000007aeb00000,0x00000007af580000)
  to   space 10752K, 0% used [0x00000007af580000,0x00000007af580000,0x00000007b0000000)
 ParOldGen       total 174592K, used 1284K [0x0000000700000000, 0x000000070aa80000, 0x00000007aaa80000)
  object space 174592K, 0% used [0x0000000700000000,0x00000007001412e0,0x000000070aa80000)
 PSPermGen       total 21504K, used 6263K [0x00000006fae00000, 0x00000006fc300000, 0x0000000700000000)
  object space 21504K, 29% used [0x00000006fae00000,0x00000006fb41df00,0x00000006fc300000)
}

